INFO - 2024-06-10 01:40:00 --> Session: Class initialized using 'CodeIgniter\Session\Handlers\FileHandler' driver.
INFO - 2024-06-10 01:42:03 --> Session: Class initialized using 'CodeIgniter\Session\Handlers\FileHandler' driver.
INFO - 2024-06-10 01:42:03 --> Cart Class Initialized
INFO - 2024-06-10 01:42:09 --> Session: Class initialized using 'CodeIgniter\Session\Handlers\FileHandler' driver.
INFO - 2024-06-10 01:42:09 --> Cart Class Initialized
INFO - 2024-06-10 01:42:10 --> Session: Class initialized using 'CodeIgniter\Session\Handlers\FileHandler' driver.
INFO - 2024-06-10 01:42:10 --> Cart Class Initialized
INFO - 2024-06-10 01:42:13 --> Session: Class initialized using 'CodeIgniter\Session\Handlers\FileHandler' driver.
INFO - 2024-06-10 01:42:13 --> Cart Class Initialized
INFO - 2024-06-10 01:42:19 --> Session: Class initialized using 'CodeIgniter\Session\Handlers\FileHandler' driver.
INFO - 2024-06-10 01:42:19 --> Cart Class Initialized
INFO - 2024-06-10 01:42:19 --> Session: Class initialized using 'CodeIgniter\Session\Handlers\FileHandler' driver.
INFO - 2024-06-10 01:42:19 --> Cart Class Initialized
INFO - 2024-06-10 01:42:26 --> Session: Class initialized using 'CodeIgniter\Session\Handlers\FileHandler' driver.
INFO - 2024-06-10 01:42:26 --> Cart Class Initialized
INFO - 2024-06-10 01:42:30 --> Session: Class initialized using 'CodeIgniter\Session\Handlers\FileHandler' driver.
INFO - 2024-06-10 01:42:31 --> Cart Class Initialized
INFO - 2024-06-10 01:47:09 --> Session: Class initialized using 'CodeIgniter\Session\Handlers\FileHandler' driver.
INFO - 2024-06-10 01:47:09 --> Cart Class Initialized
INFO - 2024-06-10 01:47:37 --> Session: Class initialized using 'CodeIgniter\Session\Handlers\FileHandler' driver.
INFO - 2024-06-10 01:47:37 --> Cart Class Initialized
CRITICAL - 2024-06-10 01:47:37 --> Class "App\Controllers\usuario_Model" not found
in APPPATH\Controllers\venta_controller.php on line 39.
 1 SYSTEMPATH\CodeIgniter.php(934): App\Controllers\venta_controller->registrar_venta()
 2 SYSTEMPATH\CodeIgniter.php(499): CodeIgniter\CodeIgniter->runController(Object(App\Controllers\venta_controller))
 3 SYSTEMPATH\CodeIgniter.php(368): CodeIgniter\CodeIgniter->handleRequest(null, Object(Config\Cache), false)
 4 FCPATH\index.php(67): CodeIgniter\CodeIgniter->run()
INFO - 2024-06-10 01:47:58 --> Session: Class initialized using 'CodeIgniter\Session\Handlers\FileHandler' driver.
INFO - 2024-06-10 01:47:58 --> Cart Class Initialized
INFO - 2024-06-10 01:47:59 --> Session: Class initialized using 'CodeIgniter\Session\Handlers\FileHandler' driver.
INFO - 2024-06-10 01:47:59 --> Cart Class Initialized
INFO - 2024-06-10 01:48:04 --> Session: Class initialized using 'CodeIgniter\Session\Handlers\FileHandler' driver.
INFO - 2024-06-10 01:48:04 --> Cart Class Initialized
INFO - 2024-06-10 01:48:04 --> Session: Class initialized using 'CodeIgniter\Session\Handlers\FileHandler' driver.
INFO - 2024-06-10 01:48:04 --> Cart Class Initialized
INFO - 2024-06-10 01:55:06 --> Session: Class initialized using 'CodeIgniter\Session\Handlers\FileHandler' driver.
INFO - 2024-06-10 01:55:06 --> Cart Class Initialized
INFO - 2024-06-10 01:55:06 --> Session: Class initialized using 'CodeIgniter\Session\Handlers\FileHandler' driver.
INFO - 2024-06-10 01:55:06 --> Cart Class Initialized
