INFO - 2024-05-23 03:41:27 --> Session: Class initialized using 'CodeIgniter\Session\Handlers\FileHandler' driver.
INFO - 2024-05-23 16:20:28 --> Session: Class initialized using 'CodeIgniter\Session\Handlers\FileHandler' driver.
INFO - 2024-05-23 16:20:41 --> Session: Class initialized using 'CodeIgniter\Session\Handlers\FileHandler' driver.
INFO - 2024-05-23 16:20:50 --> Session: Class initialized using 'CodeIgniter\Session\Handlers\FileHandler' driver.
INFO - 2024-05-23 16:20:53 --> Session: Class initialized using 'CodeIgniter\Session\Handlers\FileHandler' driver.
INFO - 2024-05-23 16:21:00 --> Session: Class initialized using 'CodeIgniter\Session\Handlers\FileHandler' driver.
INFO - 2024-05-23 16:21:06 --> Session: Class initialized using 'CodeIgniter\Session\Handlers\FileHandler' driver.
INFO - 2024-05-23 16:21:12 --> Session: Class initialized using 'CodeIgniter\Session\Handlers\FileHandler' driver.
INFO - 2024-05-23 16:21:16 --> Session: Class initialized using 'CodeIgniter\Session\Handlers\FileHandler' driver.
INFO - 2024-05-23 16:21:34 --> Session: Class initialized using 'CodeIgniter\Session\Handlers\FileHandler' driver.
CRITICAL - 2024-05-23 16:21:40 --> syntax error, unexpected token "(", expecting variable
in APPPATH\Controllers\producto_controller.php on line 9.
 1 SYSTEMPATH\Autoloader\Autoloader.php(289): CodeIgniter\Autoloader\Autoloader->includeFile('C:\\xampp\\htdocs\\proyecto_coronas_jezabel\\app\\Controllers\\producto_controller.php')
 2 SYSTEMPATH\Autoloader\Autoloader.php(267): CodeIgniter\Autoloader\Autoloader->loadInNamespace('App\\Controllers\\producto_controller')
 3 [internal function]: CodeIgniter\Autoloader\Autoloader->loadClass('App\\Controllers\\producto_controller')
 4 SYSTEMPATH\CodeIgniter.php(892): class_exists('\\App\\Controllers\\producto_controller', true)
 5 SYSTEMPATH\CodeIgniter.php(486): CodeIgniter\CodeIgniter->startController()
 6 SYSTEMPATH\CodeIgniter.php(368): CodeIgniter\CodeIgniter->handleRequest(null, Object(Config\Cache), false)
 7 FCPATH\index.php(67): CodeIgniter\CodeIgniter->run()
INFO - 2024-05-23 16:21:48 --> Session: Class initialized using 'CodeIgniter\Session\Handlers\FileHandler' driver.
INFO - 2024-05-23 16:25:16 --> Session: Class initialized using 'CodeIgniter\Session\Handlers\FileHandler' driver.
CRITICAL - 2024-05-23 16:25:20 --> syntax error, unexpected token "(", expecting variable
in APPPATH\Controllers\producto_controller.php on line 9.
 1 SYSTEMPATH\Autoloader\Autoloader.php(289): CodeIgniter\Autoloader\Autoloader->includeFile('C:\\xampp\\htdocs\\proyecto_coronas_jezabel\\app\\Controllers\\producto_controller.php')
 2 SYSTEMPATH\Autoloader\Autoloader.php(267): CodeIgniter\Autoloader\Autoloader->loadInNamespace('App\\Controllers\\producto_controller')
 3 [internal function]: CodeIgniter\Autoloader\Autoloader->loadClass('App\\Controllers\\producto_controller')
 4 SYSTEMPATH\CodeIgniter.php(892): class_exists('\\App\\Controllers\\producto_controller', true)
 5 SYSTEMPATH\CodeIgniter.php(486): CodeIgniter\CodeIgniter->startController()
 6 SYSTEMPATH\CodeIgniter.php(368): CodeIgniter\CodeIgniter->handleRequest(null, Object(Config\Cache), false)
 7 FCPATH\index.php(67): CodeIgniter\CodeIgniter->run()
INFO - 2024-05-23 16:25:24 --> Session: Class initialized using 'CodeIgniter\Session\Handlers\FileHandler' driver.
INFO - 2024-05-23 16:25:26 --> Session: Class initialized using 'CodeIgniter\Session\Handlers\FileHandler' driver.
INFO - 2024-05-23 16:25:28 --> Session: Class initialized using 'CodeIgniter\Session\Handlers\FileHandler' driver.
CRITICAL - 2024-05-23 16:25:44 --> syntax error, unexpected token "(", expecting variable
in APPPATH\Controllers\producto_controller.php on line 9.
 1 SYSTEMPATH\Autoloader\Autoloader.php(289): CodeIgniter\Autoloader\Autoloader->includeFile('C:\\xampp\\htdocs\\proyecto_coronas_jezabel\\app\\Controllers\\producto_controller.php')
 2 SYSTEMPATH\Autoloader\Autoloader.php(267): CodeIgniter\Autoloader\Autoloader->loadInNamespace('App\\Controllers\\producto_controller')
 3 [internal function]: CodeIgniter\Autoloader\Autoloader->loadClass('App\\Controllers\\producto_controller')
 4 SYSTEMPATH\CodeIgniter.php(892): class_exists('\\App\\Controllers\\producto_controller', true)
 5 SYSTEMPATH\CodeIgniter.php(486): CodeIgniter\CodeIgniter->startController()
 6 SYSTEMPATH\CodeIgniter.php(368): CodeIgniter\CodeIgniter->handleRequest(null, Object(Config\Cache), false)
 7 FCPATH\index.php(67): CodeIgniter\CodeIgniter->run()
INFO - 2024-05-23 16:27:59 --> Session: Class initialized using 'CodeIgniter\Session\Handlers\FileHandler' driver.
CRITICAL - 2024-05-23 16:53:51 --> syntax error, unexpected token "(", expecting variable
in APPPATH\Controllers\producto_controller.php on line 9.
 1 SYSTEMPATH\Autoloader\Autoloader.php(289): CodeIgniter\Autoloader\Autoloader->includeFile('C:\\xampp\\htdocs\\proyecto_coronas_jezabel\\app\\Controllers\\producto_controller.php')
 2 SYSTEMPATH\Autoloader\Autoloader.php(267): CodeIgniter\Autoloader\Autoloader->loadInNamespace('App\\Controllers\\producto_controller')
 3 [internal function]: CodeIgniter\Autoloader\Autoloader->loadClass('App\\Controllers\\producto_controller')
 4 SYSTEMPATH\CodeIgniter.php(892): class_exists('\\App\\Controllers\\producto_controller', true)
 5 SYSTEMPATH\CodeIgniter.php(486): CodeIgniter\CodeIgniter->startController()
 6 SYSTEMPATH\CodeIgniter.php(368): CodeIgniter\CodeIgniter->handleRequest(null, Object(Config\Cache), false)
 7 FCPATH\index.php(67): CodeIgniter\CodeIgniter->run()
INFO - 2024-05-23 16:53:54 --> Session: Class initialized using 'CodeIgniter\Session\Handlers\FileHandler' driver.
INFO - 2024-05-23 16:53:55 --> Session: Class initialized using 'CodeIgniter\Session\Handlers\FileHandler' driver.
CRITICAL - 2024-05-23 16:53:58 --> syntax error, unexpected token "(", expecting variable
in APPPATH\Controllers\producto_controller.php on line 9.
 1 SYSTEMPATH\Autoloader\Autoloader.php(289): CodeIgniter\Autoloader\Autoloader->includeFile('C:\\xampp\\htdocs\\proyecto_coronas_jezabel\\app\\Controllers\\producto_controller.php')
 2 SYSTEMPATH\Autoloader\Autoloader.php(267): CodeIgniter\Autoloader\Autoloader->loadInNamespace('App\\Controllers\\producto_controller')
 3 [internal function]: CodeIgniter\Autoloader\Autoloader->loadClass('App\\Controllers\\producto_controller')
 4 SYSTEMPATH\CodeIgniter.php(892): class_exists('\\App\\Controllers\\producto_controller', true)
 5 SYSTEMPATH\CodeIgniter.php(486): CodeIgniter\CodeIgniter->startController()
 6 SYSTEMPATH\CodeIgniter.php(368): CodeIgniter\CodeIgniter->handleRequest(null, Object(Config\Cache), false)
 7 FCPATH\index.php(67): CodeIgniter\CodeIgniter->run()
INFO - 2024-05-23 16:54:01 --> Session: Class initialized using 'CodeIgniter\Session\Handlers\FileHandler' driver.
CRITICAL - 2024-05-23 17:14:01 --> syntax error, unexpected token "(", expecting variable
in APPPATH\Controllers\producto_controller.php on line 9.
 1 SYSTEMPATH\Autoloader\Autoloader.php(289): CodeIgniter\Autoloader\Autoloader->includeFile('C:\\xampp\\htdocs\\proyecto_coronas_jezabel\\app\\Controllers\\producto_controller.php')
 2 SYSTEMPATH\Autoloader\Autoloader.php(267): CodeIgniter\Autoloader\Autoloader->loadInNamespace('App\\Controllers\\producto_controller')
 3 [internal function]: CodeIgniter\Autoloader\Autoloader->loadClass('App\\Controllers\\producto_controller')
 4 SYSTEMPATH\CodeIgniter.php(892): class_exists('\\App\\Controllers\\producto_controller', true)
 5 SYSTEMPATH\CodeIgniter.php(486): CodeIgniter\CodeIgniter->startController()
 6 SYSTEMPATH\CodeIgniter.php(368): CodeIgniter\CodeIgniter->handleRequest(null, Object(Config\Cache), false)
 7 FCPATH\index.php(67): CodeIgniter\CodeIgniter->run()
INFO - 2024-05-23 17:14:07 --> Session: Class initialized using 'CodeIgniter\Session\Handlers\FileHandler' driver.
CRITICAL - 2024-05-23 17:14:16 --> syntax error, unexpected token "(", expecting variable
in APPPATH\Controllers\producto_controller.php on line 9.
 1 SYSTEMPATH\Autoloader\Autoloader.php(289): CodeIgniter\Autoloader\Autoloader->includeFile('C:\\xampp\\htdocs\\proyecto_coronas_jezabel\\app\\Controllers\\producto_controller.php')
 2 SYSTEMPATH\Autoloader\Autoloader.php(267): CodeIgniter\Autoloader\Autoloader->loadInNamespace('App\\Controllers\\producto_controller')
 3 [internal function]: CodeIgniter\Autoloader\Autoloader->loadClass('App\\Controllers\\producto_controller')
 4 SYSTEMPATH\CodeIgniter.php(892): class_exists('\\App\\Controllers\\producto_controller', true)
 5 SYSTEMPATH\CodeIgniter.php(486): CodeIgniter\CodeIgniter->startController()
 6 SYSTEMPATH\CodeIgniter.php(368): CodeIgniter\CodeIgniter->handleRequest(null, Object(Config\Cache), false)
 7 FCPATH\index.php(67): CodeIgniter\CodeIgniter->run()
INFO - 2024-05-23 17:14:18 --> Session: Class initialized using 'CodeIgniter\Session\Handlers\FileHandler' driver.
INFO - 2024-05-23 17:15:48 --> Session: Class initialized using 'CodeIgniter\Session\Handlers\FileHandler' driver.
CRITICAL - 2024-05-23 17:15:48 --> Undefined variable $consultas
in APPPATH\Views\backend\usuario\ver_consultas_view.php on line 20.
 1 APPPATH\Views\backend\usuario\ver_consultas_view.php(20): CodeIgniter\Debug\Exceptions->errorHandler(2, 'Undefined variable $consultas', 'C:\\xampp\\htdocs\\proyecto_coronas_jezabel\\app\\Views\\backend\\usuario\\ver_consultas_view.php', 20)
 2 SYSTEMPATH\View\View.php(213): include('C:\\xampp\\htdocs\\proyecto_coronas_jezabel\\app\\Views\\backend\\usuario\\ver_consultas_view.php')
 3 SYSTEMPATH\View\View.php(216): CodeIgniter\View\View->CodeIgniter\View\{closure}()
 4 SYSTEMPATH\Common.php(1184): CodeIgniter\View\View->render('backend/usuario/ver_consultas_view', [], true)
 5 APPPATH\Controllers\Home.php(83): view('backend/usuario/ver_consultas_view')
 6 SYSTEMPATH\CodeIgniter.php(934): App\Controllers\Home->llamarCrudConsultas()
 7 SYSTEMPATH\CodeIgniter.php(499): CodeIgniter\CodeIgniter->runController(Object(App\Controllers\Home))
 8 SYSTEMPATH\CodeIgniter.php(368): CodeIgniter\CodeIgniter->handleRequest(null, Object(Config\Cache), false)
 9 FCPATH\index.php(67): CodeIgniter\CodeIgniter->run()
INFO - 2024-05-23 17:34:17 --> Session: Class initialized using 'CodeIgniter\Session\Handlers\FileHandler' driver.
INFO - 2024-05-23 17:34:20 --> Session: Class initialized using 'CodeIgniter\Session\Handlers\FileHandler' driver.
CRITICAL - 2024-05-23 17:34:20 --> Undefined variable $consultas
in APPPATH\Views\backend\usuario\ver_consultas_view.php on line 20.
 1 APPPATH\Views\backend\usuario\ver_consultas_view.php(20): CodeIgniter\Debug\Exceptions->errorHandler(2, 'Undefined variable $consultas', 'C:\\xampp\\htdocs\\proyecto_coronas_jezabel\\app\\Views\\backend\\usuario\\ver_consultas_view.php', 20)
 2 SYSTEMPATH\View\View.php(213): include('C:\\xampp\\htdocs\\proyecto_coronas_jezabel\\app\\Views\\backend\\usuario\\ver_consultas_view.php')
 3 SYSTEMPATH\View\View.php(216): CodeIgniter\View\View->CodeIgniter\View\{closure}()
 4 SYSTEMPATH\Common.php(1184): CodeIgniter\View\View->render('backend/usuario/ver_consultas_view', [], true)
 5 APPPATH\Controllers\Home.php(83): view('backend/usuario/ver_consultas_view')
 6 SYSTEMPATH\CodeIgniter.php(934): App\Controllers\Home->llamarCrudConsultas()
 7 SYSTEMPATH\CodeIgniter.php(499): CodeIgniter\CodeIgniter->runController(Object(App\Controllers\Home))
 8 SYSTEMPATH\CodeIgniter.php(368): CodeIgniter\CodeIgniter->handleRequest(null, Object(Config\Cache), false)
 9 FCPATH\index.php(67): CodeIgniter\CodeIgniter->run()
INFO - 2024-05-23 17:34:26 --> Session: Class initialized using 'CodeIgniter\Session\Handlers\FileHandler' driver.
INFO - 2024-05-23 17:34:29 --> Session: Class initialized using 'CodeIgniter\Session\Handlers\FileHandler' driver.
INFO - 2024-05-23 18:11:06 --> Session: Class initialized using 'CodeIgniter\Session\Handlers\FileHandler' driver.
INFO - 2024-05-23 18:11:21 --> Session: Class initialized using 'CodeIgniter\Session\Handlers\FileHandler' driver.
INFO - 2024-05-23 18:11:24 --> Session: Class initialized using 'CodeIgniter\Session\Handlers\FileHandler' driver.
CRITICAL - 2024-05-23 18:11:24 --> Undefined variable $consultas
in APPPATH\Views\backend\usuario\ver_consultas_view.php on line 20.
 1 APPPATH\Views\backend\usuario\ver_consultas_view.php(20): CodeIgniter\Debug\Exceptions->errorHandler(2, 'Undefined variable $consultas', 'C:\\xampp\\htdocs\\proyecto_coronas_jezabel\\app\\Views\\backend\\usuario\\ver_consultas_view.php', 20)
 2 SYSTEMPATH\View\View.php(213): include('C:\\xampp\\htdocs\\proyecto_coronas_jezabel\\app\\Views\\backend\\usuario\\ver_consultas_view.php')
 3 SYSTEMPATH\View\View.php(216): CodeIgniter\View\View->CodeIgniter\View\{closure}()
 4 SYSTEMPATH\Common.php(1184): CodeIgniter\View\View->render('backend/usuario/ver_consultas_view', [], true)
 5 APPPATH\Controllers\Home.php(83): view('backend/usuario/ver_consultas_view')
 6 SYSTEMPATH\CodeIgniter.php(934): App\Controllers\Home->llamarCrudConsultas()
 7 SYSTEMPATH\CodeIgniter.php(499): CodeIgniter\CodeIgniter->runController(Object(App\Controllers\Home))
 8 SYSTEMPATH\CodeIgniter.php(368): CodeIgniter\CodeIgniter->handleRequest(null, Object(Config\Cache), false)
 9 FCPATH\index.php(67): CodeIgniter\CodeIgniter->run()
INFO - 2024-05-23 18:11:46 --> Session: Class initialized using 'CodeIgniter\Session\Handlers\FileHandler' driver.
INFO - 2024-05-23 18:11:46 --> Session: Class initialized using 'CodeIgniter\Session\Handlers\FileHandler' driver.
INFO - 2024-05-23 18:11:49 --> Session: Class initialized using 'CodeIgniter\Session\Handlers\FileHandler' driver.
INFO - 2024-05-23 18:12:00 --> Session: Class initialized using 'CodeIgniter\Session\Handlers\FileHandler' driver.
INFO - 2024-05-23 18:12:08 --> Session: Class initialized using 'CodeIgniter\Session\Handlers\FileHandler' driver.
INFO - 2024-05-23 18:12:12 --> Session: Class initialized using 'CodeIgniter\Session\Handlers\FileHandler' driver.
INFO - 2024-05-23 18:12:21 --> Session: Class initialized using 'CodeIgniter\Session\Handlers\FileHandler' driver.
INFO - 2024-05-23 18:14:10 --> Session: Class initialized using 'CodeIgniter\Session\Handlers\FileHandler' driver.
INFO - 2024-05-23 18:14:15 --> Session: Class initialized using 'CodeIgniter\Session\Handlers\FileHandler' driver.
INFO - 2024-05-23 18:15:16 --> Session: Class initialized using 'CodeIgniter\Session\Handlers\FileHandler' driver.
INFO - 2024-05-23 18:15:27 --> Session: Class initialized using 'CodeIgniter\Session\Handlers\FileHandler' driver.
INFO - 2024-05-23 18:15:32 --> Session: Class initialized using 'CodeIgniter\Session\Handlers\FileHandler' driver.
INFO - 2024-05-23 18:16:00 --> Session: Class initialized using 'CodeIgniter\Session\Handlers\FileHandler' driver.
INFO - 2024-05-23 18:16:25 --> Session: Class initialized using 'CodeIgniter\Session\Handlers\FileHandler' driver.
INFO - 2024-05-23 18:17:30 --> Session: Class initialized using 'CodeIgniter\Session\Handlers\FileHandler' driver.
INFO - 2024-05-23 18:17:39 --> Session: Class initialized using 'CodeIgniter\Session\Handlers\FileHandler' driver.
INFO - 2024-05-23 18:17:45 --> Session: Class initialized using 'CodeIgniter\Session\Handlers\FileHandler' driver.
INFO - 2024-05-23 18:17:50 --> Session: Class initialized using 'CodeIgniter\Session\Handlers\FileHandler' driver.
INFO - 2024-05-23 18:17:53 --> Session: Class initialized using 'CodeIgniter\Session\Handlers\FileHandler' driver.
INFO - 2024-05-23 18:17:56 --> Session: Class initialized using 'CodeIgniter\Session\Handlers\FileHandler' driver.
INFO - 2024-05-23 18:17:59 --> Session: Class initialized using 'CodeIgniter\Session\Handlers\FileHandler' driver.
INFO - 2024-05-23 18:18:02 --> Session: Class initialized using 'CodeIgniter\Session\Handlers\FileHandler' driver.
INFO - 2024-05-23 18:18:08 --> Session: Class initialized using 'CodeIgniter\Session\Handlers\FileHandler' driver.
INFO - 2024-05-23 18:18:09 --> Session: Class initialized using 'CodeIgniter\Session\Handlers\FileHandler' driver.
INFO - 2024-05-23 18:18:23 --> Session: Class initialized using 'CodeIgniter\Session\Handlers\FileHandler' driver.
INFO - 2024-05-23 18:18:29 --> Session: Class initialized using 'CodeIgniter\Session\Handlers\FileHandler' driver.
CRITICAL - 2024-05-23 18:18:29 --> Undefined variable $consultas
in APPPATH\Views\backend\usuario\ver_consultas_view.php on line 20.
 1 APPPATH\Views\backend\usuario\ver_consultas_view.php(20): CodeIgniter\Debug\Exceptions->errorHandler(2, 'Undefined variable $consultas', 'C:\\xampp\\htdocs\\proyecto_coronas_jezabel\\app\\Views\\backend\\usuario\\ver_consultas_view.php', 20)
 2 SYSTEMPATH\View\View.php(213): include('C:\\xampp\\htdocs\\proyecto_coronas_jezabel\\app\\Views\\backend\\usuario\\ver_consultas_view.php')
 3 SYSTEMPATH\View\View.php(216): CodeIgniter\View\View->CodeIgniter\View\{closure}()
 4 SYSTEMPATH\Common.php(1184): CodeIgniter\View\View->render('backend/usuario/ver_consultas_view', [], true)
 5 APPPATH\Controllers\Home.php(83): view('backend/usuario/ver_consultas_view')
 6 SYSTEMPATH\CodeIgniter.php(934): App\Controllers\Home->llamarCrudConsultas()
 7 SYSTEMPATH\CodeIgniter.php(499): CodeIgniter\CodeIgniter->runController(Object(App\Controllers\Home))
 8 SYSTEMPATH\CodeIgniter.php(368): CodeIgniter\CodeIgniter->handleRequest(null, Object(Config\Cache), false)
 9 FCPATH\index.php(67): CodeIgniter\CodeIgniter->run()
INFO - 2024-05-23 18:18:33 --> Session: Class initialized using 'CodeIgniter\Session\Handlers\FileHandler' driver.
CRITICAL - 2024-05-23 18:18:33 --> Undefined variable $consultas
in APPPATH\Views\backend\usuario\ver_consultas_view.php on line 20.
 1 APPPATH\Views\backend\usuario\ver_consultas_view.php(20): CodeIgniter\Debug\Exceptions->errorHandler(2, 'Undefined variable $consultas', 'C:\\xampp\\htdocs\\proyecto_coronas_jezabel\\app\\Views\\backend\\usuario\\ver_consultas_view.php', 20)
 2 SYSTEMPATH\View\View.php(213): include('C:\\xampp\\htdocs\\proyecto_coronas_jezabel\\app\\Views\\backend\\usuario\\ver_consultas_view.php')
 3 SYSTEMPATH\View\View.php(216): CodeIgniter\View\View->CodeIgniter\View\{closure}()
 4 SYSTEMPATH\Common.php(1184): CodeIgniter\View\View->render('backend/usuario/ver_consultas_view', [], true)
 5 APPPATH\Controllers\Home.php(83): view('backend/usuario/ver_consultas_view')
 6 SYSTEMPATH\CodeIgniter.php(934): App\Controllers\Home->llamarCrudConsultas()
 7 SYSTEMPATH\CodeIgniter.php(499): CodeIgniter\CodeIgniter->runController(Object(App\Controllers\Home))
 8 SYSTEMPATH\CodeIgniter.php(368): CodeIgniter\CodeIgniter->handleRequest(null, Object(Config\Cache), false)
 9 FCPATH\index.php(67): CodeIgniter\CodeIgniter->run()
INFO - 2024-05-23 18:18:34 --> Session: Class initialized using 'CodeIgniter\Session\Handlers\FileHandler' driver.
INFO - 2024-05-23 18:18:39 --> Session: Class initialized using 'CodeIgniter\Session\Handlers\FileHandler' driver.
INFO - 2024-05-23 18:19:07 --> Session: Class initialized using 'CodeIgniter\Session\Handlers\FileHandler' driver.
INFO - 2024-05-23 18:19:17 --> Session: Class initialized using 'CodeIgniter\Session\Handlers\FileHandler' driver.
INFO - 2024-05-23 18:19:36 --> Session: Class initialized using 'CodeIgniter\Session\Handlers\FileHandler' driver.
INFO - 2024-05-23 18:23:01 --> Session: Class initialized using 'CodeIgniter\Session\Handlers\FileHandler' driver.
INFO - 2024-05-23 18:23:06 --> Session: Class initialized using 'CodeIgniter\Session\Handlers\FileHandler' driver.
CRITICAL - 2024-05-23 18:23:06 --> Undefined variable $consultas
in APPPATH\Views\backend\usuario\ver_consultas_view.php on line 20.
 1 APPPATH\Views\backend\usuario\ver_consultas_view.php(20): CodeIgniter\Debug\Exceptions->errorHandler(2, 'Undefined variable $consultas', 'C:\\xampp\\htdocs\\proyecto_coronas_jezabel\\app\\Views\\backend\\usuario\\ver_consultas_view.php', 20)
 2 SYSTEMPATH\View\View.php(213): include('C:\\xampp\\htdocs\\proyecto_coronas_jezabel\\app\\Views\\backend\\usuario\\ver_consultas_view.php')
 3 SYSTEMPATH\View\View.php(216): CodeIgniter\View\View->CodeIgniter\View\{closure}()
 4 SYSTEMPATH\Common.php(1184): CodeIgniter\View\View->render('backend/usuario/ver_consultas_view', [], true)
 5 APPPATH\Controllers\Home.php(83): view('backend/usuario/ver_consultas_view')
 6 SYSTEMPATH\CodeIgniter.php(934): App\Controllers\Home->llamarCrudConsultas()
 7 SYSTEMPATH\CodeIgniter.php(499): CodeIgniter\CodeIgniter->runController(Object(App\Controllers\Home))
 8 SYSTEMPATH\CodeIgniter.php(368): CodeIgniter\CodeIgniter->handleRequest(null, Object(Config\Cache), false)
 9 FCPATH\index.php(67): CodeIgniter\CodeIgniter->run()
INFO - 2024-05-23 18:23:51 --> Session: Class initialized using 'CodeIgniter\Session\Handlers\FileHandler' driver.
CRITICAL - 2024-05-23 18:23:51 --> Undefined variable $consultas
in APPPATH\Views\backend\usuario\ver_consultas_view.php on line 23.
 1 APPPATH\Views\backend\usuario\ver_consultas_view.php(23): CodeIgniter\Debug\Exceptions->errorHandler(2, 'Undefined variable $consultas', 'C:\\xampp\\htdocs\\proyecto_coronas_jezabel\\app\\Views\\backend\\usuario\\ver_consultas_view.php', 23)
 2 SYSTEMPATH\View\View.php(213): include('C:\\xampp\\htdocs\\proyecto_coronas_jezabel\\app\\Views\\backend\\usuario\\ver_consultas_view.php')
 3 SYSTEMPATH\View\View.php(216): CodeIgniter\View\View->CodeIgniter\View\{closure}()
 4 SYSTEMPATH\Common.php(1184): CodeIgniter\View\View->render('backend/usuario/ver_consultas_view', [], true)
 5 APPPATH\Controllers\Home.php(83): view('backend/usuario/ver_consultas_view')
 6 SYSTEMPATH\CodeIgniter.php(934): App\Controllers\Home->llamarCrudConsultas()
 7 SYSTEMPATH\CodeIgniter.php(499): CodeIgniter\CodeIgniter->runController(Object(App\Controllers\Home))
 8 SYSTEMPATH\CodeIgniter.php(368): CodeIgniter\CodeIgniter->handleRequest(null, Object(Config\Cache), false)
 9 FCPATH\index.php(67): CodeIgniter\CodeIgniter->run()
INFO - 2024-05-23 18:23:59 --> Session: Class initialized using 'CodeIgniter\Session\Handlers\FileHandler' driver.
CRITICAL - 2024-05-23 18:23:59 --> Undefined variable $consultas
in APPPATH\Views\backend\usuario\ver_consultas_view.php on line 23.
 1 APPPATH\Views\backend\usuario\ver_consultas_view.php(23): CodeIgniter\Debug\Exceptions->errorHandler(2, 'Undefined variable $consultas', 'C:\\xampp\\htdocs\\proyecto_coronas_jezabel\\app\\Views\\backend\\usuario\\ver_consultas_view.php', 23)
 2 SYSTEMPATH\View\View.php(213): include('C:\\xampp\\htdocs\\proyecto_coronas_jezabel\\app\\Views\\backend\\usuario\\ver_consultas_view.php')
 3 SYSTEMPATH\View\View.php(216): CodeIgniter\View\View->CodeIgniter\View\{closure}()
 4 SYSTEMPATH\Common.php(1184): CodeIgniter\View\View->render('backend/usuario/ver_consultas_view', [], true)
 5 APPPATH\Controllers\Home.php(83): view('backend/usuario/ver_consultas_view')
 6 SYSTEMPATH\CodeIgniter.php(934): App\Controllers\Home->llamarCrudConsultas()
 7 SYSTEMPATH\CodeIgniter.php(499): CodeIgniter\CodeIgniter->runController(Object(App\Controllers\Home))
 8 SYSTEMPATH\CodeIgniter.php(368): CodeIgniter\CodeIgniter->handleRequest(null, Object(Config\Cache), false)
 9 FCPATH\index.php(67): CodeIgniter\CodeIgniter->run()
INFO - 2024-05-23 18:24:21 --> Session: Class initialized using 'CodeIgniter\Session\Handlers\FileHandler' driver.
CRITICAL - 2024-05-23 18:24:21 --> Undefined variable $consultas
in APPPATH\Views\backend\usuario\ver_consultas_view.php on line 23.
 1 APPPATH\Views\backend\usuario\ver_consultas_view.php(23): CodeIgniter\Debug\Exceptions->errorHandler(2, 'Undefined variable $consultas', 'C:\\xampp\\htdocs\\proyecto_coronas_jezabel\\app\\Views\\backend\\usuario\\ver_consultas_view.php', 23)
 2 SYSTEMPATH\View\View.php(213): include('C:\\xampp\\htdocs\\proyecto_coronas_jezabel\\app\\Views\\backend\\usuario\\ver_consultas_view.php')
 3 SYSTEMPATH\View\View.php(216): CodeIgniter\View\View->CodeIgniter\View\{closure}()
 4 SYSTEMPATH\Common.php(1184): CodeIgniter\View\View->render('backend/usuario/ver_consultas_view', [], true)
 5 APPPATH\Controllers\Home.php(83): view('backend/usuario/ver_consultas_view')
 6 SYSTEMPATH\CodeIgniter.php(934): App\Controllers\Home->llamarCrudConsultas()
 7 SYSTEMPATH\CodeIgniter.php(499): CodeIgniter\CodeIgniter->runController(Object(App\Controllers\Home))
 8 SYSTEMPATH\CodeIgniter.php(368): CodeIgniter\CodeIgniter->handleRequest(null, Object(Config\Cache), false)
 9 FCPATH\index.php(67): CodeIgniter\CodeIgniter->run()
INFO - 2024-05-23 18:30:12 --> Session: Class initialized using 'CodeIgniter\Session\Handlers\FileHandler' driver.
CRITICAL - 2024-05-23 18:30:12 --> Undefined variable $consultas
in APPPATH\Views\backend\usuario\ver_consultas_view.php on line 23.
 1 APPPATH\Views\backend\usuario\ver_consultas_view.php(23): CodeIgniter\Debug\Exceptions->errorHandler(2, 'Undefined variable $consultas', 'C:\\xampp\\htdocs\\proyecto_coronas_jezabel\\app\\Views\\backend\\usuario\\ver_consultas_view.php', 23)
 2 SYSTEMPATH\View\View.php(213): include('C:\\xampp\\htdocs\\proyecto_coronas_jezabel\\app\\Views\\backend\\usuario\\ver_consultas_view.php')
 3 SYSTEMPATH\View\View.php(216): CodeIgniter\View\View->CodeIgniter\View\{closure}()
 4 SYSTEMPATH\Common.php(1184): CodeIgniter\View\View->render('backend/usuario/ver_consultas_view', [], true)
 5 APPPATH\Controllers\Home.php(83): view('backend/usuario/ver_consultas_view')
 6 SYSTEMPATH\CodeIgniter.php(934): App\Controllers\Home->llamarCrudConsultas()
 7 SYSTEMPATH\CodeIgniter.php(499): CodeIgniter\CodeIgniter->runController(Object(App\Controllers\Home))
 8 SYSTEMPATH\CodeIgniter.php(368): CodeIgniter\CodeIgniter->handleRequest(null, Object(Config\Cache), false)
 9 FCPATH\index.php(67): CodeIgniter\CodeIgniter->run()
INFO - 2024-05-23 18:30:14 --> Session: Class initialized using 'CodeIgniter\Session\Handlers\FileHandler' driver.
CRITICAL - 2024-05-23 18:30:14 --> Undefined variable $consultas
in APPPATH\Views\backend\usuario\ver_consultas_view.php on line 23.
 1 APPPATH\Views\backend\usuario\ver_consultas_view.php(23): CodeIgniter\Debug\Exceptions->errorHandler(2, 'Undefined variable $consultas', 'C:\\xampp\\htdocs\\proyecto_coronas_jezabel\\app\\Views\\backend\\usuario\\ver_consultas_view.php', 23)
 2 SYSTEMPATH\View\View.php(213): include('C:\\xampp\\htdocs\\proyecto_coronas_jezabel\\app\\Views\\backend\\usuario\\ver_consultas_view.php')
 3 SYSTEMPATH\View\View.php(216): CodeIgniter\View\View->CodeIgniter\View\{closure}()
 4 SYSTEMPATH\Common.php(1184): CodeIgniter\View\View->render('backend/usuario/ver_consultas_view', [], true)
 5 APPPATH\Controllers\Home.php(83): view('backend/usuario/ver_consultas_view')
 6 SYSTEMPATH\CodeIgniter.php(934): App\Controllers\Home->llamarCrudConsultas()
 7 SYSTEMPATH\CodeIgniter.php(499): CodeIgniter\CodeIgniter->runController(Object(App\Controllers\Home))
 8 SYSTEMPATH\CodeIgniter.php(368): CodeIgniter\CodeIgniter->handleRequest(null, Object(Config\Cache), false)
 9 FCPATH\index.php(67): CodeIgniter\CodeIgniter->run()
INFO - 2024-05-23 18:31:30 --> Session: Class initialized using 'CodeIgniter\Session\Handlers\FileHandler' driver.
CRITICAL - 2024-05-23 18:31:30 --> Undefined variable $consultas
in APPPATH\Views\backend\usuario\ver_consultas_view.php on line 23.
 1 APPPATH\Views\backend\usuario\ver_consultas_view.php(23): CodeIgniter\Debug\Exceptions->errorHandler(2, 'Undefined variable $consultas', 'C:\\xampp\\htdocs\\proyecto_coronas_jezabel\\app\\Views\\backend\\usuario\\ver_consultas_view.php', 23)
 2 SYSTEMPATH\View\View.php(213): include('C:\\xampp\\htdocs\\proyecto_coronas_jezabel\\app\\Views\\backend\\usuario\\ver_consultas_view.php')
 3 SYSTEMPATH\View\View.php(216): CodeIgniter\View\View->CodeIgniter\View\{closure}()
 4 SYSTEMPATH\Common.php(1184): CodeIgniter\View\View->render('backend/usuario/ver_consultas_view', [], true)
 5 APPPATH\Controllers\Home.php(83): view('backend/usuario/ver_consultas_view')
 6 SYSTEMPATH\CodeIgniter.php(934): App\Controllers\Home->llamarCrudConsultas()
 7 SYSTEMPATH\CodeIgniter.php(499): CodeIgniter\CodeIgniter->runController(Object(App\Controllers\Home))
 8 SYSTEMPATH\CodeIgniter.php(368): CodeIgniter\CodeIgniter->handleRequest(null, Object(Config\Cache), false)
 9 FCPATH\index.php(67): CodeIgniter\CodeIgniter->run()
INFO - 2024-05-23 18:31:38 --> Session: Class initialized using 'CodeIgniter\Session\Handlers\FileHandler' driver.
CRITICAL - 2024-05-23 18:31:38 --> Undefined variable $consultas
in APPPATH\Views\backend\usuario\ver_consultas_view.php on line 23.
 1 APPPATH\Views\backend\usuario\ver_consultas_view.php(23): CodeIgniter\Debug\Exceptions->errorHandler(2, 'Undefined variable $consultas', 'C:\\xampp\\htdocs\\proyecto_coronas_jezabel\\app\\Views\\backend\\usuario\\ver_consultas_view.php', 23)
 2 SYSTEMPATH\View\View.php(213): include('C:\\xampp\\htdocs\\proyecto_coronas_jezabel\\app\\Views\\backend\\usuario\\ver_consultas_view.php')
 3 SYSTEMPATH\View\View.php(216): CodeIgniter\View\View->CodeIgniter\View\{closure}()
 4 SYSTEMPATH\Common.php(1184): CodeIgniter\View\View->render('backend/usuario/ver_consultas_view', [], true)
 5 APPPATH\Controllers\Home.php(83): view('backend/usuario/ver_consultas_view')
 6 SYSTEMPATH\CodeIgniter.php(934): App\Controllers\Home->llamarCrudConsultas()
 7 SYSTEMPATH\CodeIgniter.php(499): CodeIgniter\CodeIgniter->runController(Object(App\Controllers\Home))
 8 SYSTEMPATH\CodeIgniter.php(368): CodeIgniter\CodeIgniter->handleRequest(null, Object(Config\Cache), false)
 9 FCPATH\index.php(67): CodeIgniter\CodeIgniter->run()
INFO - 2024-05-23 21:20:05 --> Session: Class initialized using 'CodeIgniter\Session\Handlers\FileHandler' driver.
CRITICAL - 2024-05-23 21:20:05 --> Undefined variable $consultas
in APPPATH\Views\backend\usuario\ver_consultas_view.php on line 23.
 1 APPPATH\Views\backend\usuario\ver_consultas_view.php(23): CodeIgniter\Debug\Exceptions->errorHandler(2, 'Undefined variable $consultas', 'C:\\xampp\\htdocs\\proyecto_coronas_jezabel\\app\\Views\\backend\\usuario\\ver_consultas_view.php', 23)
 2 SYSTEMPATH\View\View.php(213): include('C:\\xampp\\htdocs\\proyecto_coronas_jezabel\\app\\Views\\backend\\usuario\\ver_consultas_view.php')
 3 SYSTEMPATH\View\View.php(216): CodeIgniter\View\View->CodeIgniter\View\{closure}()
 4 SYSTEMPATH\Common.php(1184): CodeIgniter\View\View->render('backend/usuario/ver_consultas_view', [], true)
 5 APPPATH\Controllers\Home.php(83): view('backend/usuario/ver_consultas_view')
 6 SYSTEMPATH\CodeIgniter.php(934): App\Controllers\Home->llamarCrudConsultas()
 7 SYSTEMPATH\CodeIgniter.php(499): CodeIgniter\CodeIgniter->runController(Object(App\Controllers\Home))
 8 SYSTEMPATH\CodeIgniter.php(368): CodeIgniter\CodeIgniter->handleRequest(null, Object(Config\Cache), false)
 9 FCPATH\index.php(67): CodeIgniter\CodeIgniter->run()
INFO - 2024-05-23 21:23:45 --> Session: Class initialized using 'CodeIgniter\Session\Handlers\FileHandler' driver.
CRITICAL - 2024-05-23 21:23:45 --> Undefined variable $consultas
in APPPATH\Views\backend\usuario\ver_consultas_view.php on line 23.
 1 APPPATH\Views\backend\usuario\ver_consultas_view.php(23): CodeIgniter\Debug\Exceptions->errorHandler(2, 'Undefined variable $consultas', 'C:\\xampp\\htdocs\\proyecto_coronas_jezabel\\app\\Views\\backend\\usuario\\ver_consultas_view.php', 23)
 2 SYSTEMPATH\View\View.php(213): include('C:\\xampp\\htdocs\\proyecto_coronas_jezabel\\app\\Views\\backend\\usuario\\ver_consultas_view.php')
 3 SYSTEMPATH\View\View.php(216): CodeIgniter\View\View->CodeIgniter\View\{closure}()
 4 SYSTEMPATH\Common.php(1184): CodeIgniter\View\View->render('backend/usuario/ver_consultas_view', [], true)
 5 APPPATH\Controllers\Home.php(83): view('backend/usuario/ver_consultas_view')
 6 SYSTEMPATH\CodeIgniter.php(934): App\Controllers\Home->llamarCrudConsultas()
 7 SYSTEMPATH\CodeIgniter.php(499): CodeIgniter\CodeIgniter->runController(Object(App\Controllers\Home))
 8 SYSTEMPATH\CodeIgniter.php(368): CodeIgniter\CodeIgniter->handleRequest(null, Object(Config\Cache), false)
 9 FCPATH\index.php(67): CodeIgniter\CodeIgniter->run()
INFO - 2024-05-23 21:57:31 --> Session: Class initialized using 'CodeIgniter\Session\Handlers\FileHandler' driver.
CRITICAL - 2024-05-23 21:57:31 --> Undefined variable $consultas
in APPPATH\Views\backend\usuario\ver_consultas_view.php on line 23.
 1 APPPATH\Views\backend\usuario\ver_consultas_view.php(23): CodeIgniter\Debug\Exceptions->errorHandler(2, 'Undefined variable $consultas', 'C:\\xampp\\htdocs\\proyecto_coronas_jezabel\\app\\Views\\backend\\usuario\\ver_consultas_view.php', 23)
 2 SYSTEMPATH\View\View.php(213): include('C:\\xampp\\htdocs\\proyecto_coronas_jezabel\\app\\Views\\backend\\usuario\\ver_consultas_view.php')
 3 SYSTEMPATH\View\View.php(216): CodeIgniter\View\View->CodeIgniter\View\{closure}()
 4 SYSTEMPATH\Common.php(1184): CodeIgniter\View\View->render('backend/usuario/ver_consultas_view', [], true)
 5 APPPATH\Controllers\Home.php(83): view('backend/usuario/ver_consultas_view')
 6 SYSTEMPATH\CodeIgniter.php(934): App\Controllers\Home->llamarCrudConsultas()
 7 SYSTEMPATH\CodeIgniter.php(499): CodeIgniter\CodeIgniter->runController(Object(App\Controllers\Home))
 8 SYSTEMPATH\CodeIgniter.php(368): CodeIgniter\CodeIgniter->handleRequest(null, Object(Config\Cache), false)
 9 FCPATH\index.php(67): CodeIgniter\CodeIgniter->run()
INFO - 2024-05-23 21:57:34 --> Session: Class initialized using 'CodeIgniter\Session\Handlers\FileHandler' driver.
INFO - 2024-05-23 21:57:56 --> Session: Class initialized using 'CodeIgniter\Session\Handlers\FileHandler' driver.
INFO - 2024-05-23 21:58:21 --> Session: Class initialized using 'CodeIgniter\Session\Handlers\FileHandler' driver.
INFO - 2024-05-23 21:58:23 --> Session: Class initialized using 'CodeIgniter\Session\Handlers\FileHandler' driver.
INFO - 2024-05-23 21:58:29 --> Session: Class initialized using 'CodeIgniter\Session\Handlers\FileHandler' driver.
INFO - 2024-05-23 22:00:47 --> Session: Class initialized using 'CodeIgniter\Session\Handlers\FileHandler' driver.
INFO - 2024-05-23 22:01:04 --> Session: Class initialized using 'CodeIgniter\Session\Handlers\FileHandler' driver.
INFO - 2024-05-23 22:01:07 --> Session: Class initialized using 'CodeIgniter\Session\Handlers\FileHandler' driver.
INFO - 2024-05-23 22:01:23 --> Session: Class initialized using 'CodeIgniter\Session\Handlers\FileHandler' driver.
INFO - 2024-05-23 22:01:37 --> Session: Class initialized using 'CodeIgniter\Session\Handlers\FileHandler' driver.
INFO - 2024-05-23 22:07:57 --> Session: Class initialized using 'CodeIgniter\Session\Handlers\FileHandler' driver.
INFO - 2024-05-23 22:08:45 --> Session: Class initialized using 'CodeIgniter\Session\Handlers\FileHandler' driver.
INFO - 2024-05-23 22:08:46 --> Session: Class initialized using 'CodeIgniter\Session\Handlers\FileHandler' driver.
INFO - 2024-05-23 22:09:03 --> Session: Class initialized using 'CodeIgniter\Session\Handlers\FileHandler' driver.
INFO - 2024-05-23 22:09:46 --> Session: Class initialized using 'CodeIgniter\Session\Handlers\FileHandler' driver.
INFO - 2024-05-23 22:10:39 --> Session: Class initialized using 'CodeIgniter\Session\Handlers\FileHandler' driver.
INFO - 2024-05-23 22:11:23 --> Session: Class initialized using 'CodeIgniter\Session\Handlers\FileHandler' driver.
INFO - 2024-05-23 22:11:47 --> Session: Class initialized using 'CodeIgniter\Session\Handlers\FileHandler' driver.
INFO - 2024-05-23 22:11:51 --> Session: Class initialized using 'CodeIgniter\Session\Handlers\FileHandler' driver.
